[INFO ] 2020-11-12 12:41:07.769 [main] ServiceKotlinTemplateApplicationKt - Starting ServiceKotlinTemplateApplicationKt on LAPTOP-QIN81B4G with PID 24724 (I:\deliverySchedule-validator\target\classes started by RaghavG2213 in I:\deliverySchedule-validator)
[INFO ] 2020-11-12 12:41:07.808 [main] ServiceKotlinTemplateApplicationKt - No active profile set, falling back to default profiles: default
[INFO ] 2020-11-12 12:42:05.912 [main] ServiceKotlinTemplateApplicationKt - Starting ServiceKotlinTemplateApplicationKt on LAPTOP-QIN81B4G with PID 8296 (I:\deliverySchedule-validator\target\classes started by RaghavG2213 in I:\deliverySchedule-validator)
[INFO ] 2020-11-12 12:42:05.960 [main] ServiceKotlinTemplateApplicationKt - No active profile set, falling back to default profiles: default
[INFO ] 2020-11-12 12:42:11.681 [main] ServiceKotlinTemplateApplicationKt - Started ServiceKotlinTemplateApplicationKt in 6.664 seconds (JVM running for 9.967)
[INFO ] 2020-11-12 12:42:24.196 [http-nio-8098-exec-2] Controller - Get All
[ERROR] 2020-11-12 12:42:27.828 [http-nio-8098-exec-2] ExceptionHandlers - [Ljava.lang.StackTraceElement;@28f9da37
[INFO ] 2020-11-12 12:45:30.067 [main] ServiceKotlinTemplateApplicationKt - Starting ServiceKotlinTemplateApplicationKt on LAPTOP-QIN81B4G with PID 18700 (I:\deliverySchedule-validator\target\classes started by RaghavG2213 in I:\deliverySchedule-validator)
[INFO ] 2020-11-12 12:45:30.099 [main] ServiceKotlinTemplateApplicationKt - No active profile set, falling back to default profiles: default
[INFO ] 2020-11-12 12:45:36.278 [main] ServiceKotlinTemplateApplicationKt - Started ServiceKotlinTemplateApplicationKt in 6.974 seconds (JVM running for 10.336)
[INFO ] 2020-11-12 12:45:42.409 [http-nio-8098-exec-1] Controller - Get All
[INFO ] 2020-11-12 12:46:21.056 [http-nio-8098-exec-3] Controller - Get All
[INFO ] 2020-11-12 12:49:40.268 [main] ServiceKotlinTemplateApplicationKt - Starting ServiceKotlinTemplateApplicationKt on LAPTOP-QIN81B4G with PID 13216 (I:\deliverySchedule-validator\target\classes started by RaghavG2213 in I:\deliverySchedule-validator)
[INFO ] 2020-11-12 12:49:40.314 [main] ServiceKotlinTemplateApplicationKt - No active profile set, falling back to default profiles: default
[INFO ] 2020-11-12 12:49:46.624 [main] ServiceKotlinTemplateApplicationKt - Started ServiceKotlinTemplateApplicationKt in 7.223 seconds (JVM running for 10.319)
[INFO ] 2020-11-12 12:58:02.397 [main] ServiceKotlinTemplateApplicationKt - Starting ServiceKotlinTemplateApplicationKt on LAPTOP-QIN81B4G with PID 7296 (I:\deliverySchedule-validator\target\classes started by RaghavG2213 in I:\deliverySchedule-validator)
[INFO ] 2020-11-12 12:58:02.423 [main] ServiceKotlinTemplateApplicationKt - No active profile set, falling back to default profiles: default
[INFO ] 2020-11-12 12:58:06.785 [main] ServiceKotlinTemplateApplicationKt - Started ServiceKotlinTemplateApplicationKt in 5.011 seconds (JVM running for 7.981)
[INFO ] 2020-11-12 12:58:10.700 [http-nio-8098-exec-2] Controller - Get All
[INFO ] 2020-11-12 12:58:21.488 [http-nio-8098-exec-3] Controller - Get All
[ERROR] 2020-11-12 12:58:21.503 [http-nio-8098-exec-3] ExceptionHandlers - [Ljava.lang.StackTraceElement;@2a1f9d5c
[INFO ] 2020-11-12 15:50:16.639 [main] ServiceKotlinTemplateApplicationKt - Starting ServiceKotlinTemplateApplicationKt on LAPTOP-QIN81B4G with PID 6100 (I:\deliverySchedule-validator\target\classes started by RaghavG2213 in I:\deliverySchedule-validator)
[INFO ] 2020-11-12 15:50:16.663 [main] ServiceKotlinTemplateApplicationKt - No active profile set, falling back to default profiles: default
[INFO ] 2020-11-12 15:50:20.715 [main] ServiceKotlinTemplateApplicationKt - Started ServiceKotlinTemplateApplicationKt in 4.655 seconds (JVM running for 6.858)
[INFO ] 2020-11-12 15:50:26.237 [http-nio-8098-exec-2] Controller - Get All
[INFO ] 2020-11-12 15:50:40.204 [http-nio-8098-exec-3] Controller - Get All
[ERROR] 2020-11-12 15:51:35.726 [http-nio-8098-exec-4] ExceptionHandlers - [Ljava.lang.StackTraceElement;@48921650
[INFO ] 2020-11-12 15:51:42.466 [http-nio-8098-exec-6] Controller - Get All
[INFO ] 2020-11-12 15:51:52.476 [http-nio-8098-exec-7] Controller - Get All
[INFO ] 2020-11-12 18:56:15.309 [main] ServiceKotlinTemplateApplicationKt - Starting ServiceKotlinTemplateApplicationKt on DESKTOP-ATSEQH3 with PID 11244 (E:\deliverySchedule-validator\target\classes started by kprab in E:\deliverySchedule-validator)
[INFO ] 2020-11-12 18:56:15.376 [main] ServiceKotlinTemplateApplicationKt - No active profile set, falling back to default profiles: default
[INFO ] 2020-11-12 18:56:30.881 [main] ServiceKotlinTemplateApplicationKt - Started ServiceKotlinTemplateApplicationKt in 16.876 seconds (JVM running for 21.495)
[INFO ] 2020-11-12 23:39:00.304 [main] ServiceKotlinTemplateApplicationKt - Starting ServiceKotlinTemplateApplicationKt on DESKTOP-ATSEQH3 with PID 1780 (E:\deliverySchedule-validator\target\classes started by kprab in E:\deliverySchedule-validator)
[INFO ] 2020-11-12 23:39:00.727 [main] ServiceKotlinTemplateApplicationKt - No active profile set, falling back to default profiles: default
[INFO ] 2020-11-12 23:39:10.146 [main] ServiceKotlinTemplateApplicationKt - Started ServiceKotlinTemplateApplicationKt in 14.96 seconds (JVM running for 20.025)
[ERROR] 2020-11-12 23:39:34.780 [http-nio-8091-exec-4] ExceptionHandlers - [Ljava.lang.StackTraceElement;@25283aae
[INFO ] 2020-11-12 23:50:52.169 [main] ServiceKotlinTemplateApplicationKt - Starting ServiceKotlinTemplateApplicationKt on DESKTOP-ATSEQH3 with PID 20700 (E:\deliverySchedule-validator\target\classes started by kprab in E:\deliverySchedule-validator)
[INFO ] 2020-11-12 23:50:52.189 [main] ServiceKotlinTemplateApplicationKt - No active profile set, falling back to default profiles: default
[INFO ] 2020-11-12 23:50:59.182 [main] ServiceKotlinTemplateApplicationKt - Started ServiceKotlinTemplateApplicationKt in 7.774 seconds (JVM running for 11.478)
[ERROR] 2020-11-12 23:51:11.254 [http-nio-8091-exec-1] ExceptionHandlers - [Ljava.lang.StackTraceElement;@6112682c
[INFO ] 2020-11-12 23:53:20.557 [http-nio-8091-exec-2] Controller - Get All
[INFO ] 2020-11-12 23:53:55.194 [http-nio-8091-exec-5] Controller - Get All
[INFO ] 2020-11-12 23:56:06.905 [main] ServiceKotlinTemplateApplicationKt - Starting ServiceKotlinTemplateApplicationKt on DESKTOP-ATSEQH3 with PID 2964 (E:\deliverySchedule-validator\target\classes started by kprab in E:\deliverySchedule-validator)
[INFO ] 2020-11-12 23:56:06.931 [main] ServiceKotlinTemplateApplicationKt - No active profile set, falling back to default profiles: default
[INFO ] 2020-11-12 23:56:13.887 [main] ServiceKotlinTemplateApplicationKt - Started ServiceKotlinTemplateApplicationKt in 7.605 seconds (JVM running for 11.278)
[ERROR] 2020-11-12 23:57:27.884 [http-nio-8091-exec-1] ExceptionHandlers - [Ljava.lang.StackTraceElement;@305b665
[ERROR] 2020-11-12 23:57:36.312 [http-nio-8091-exec-4] ExceptionHandlers - [Ljava.lang.StackTraceElement;@29cca5f7
[ERROR] 2020-11-12 23:57:40.472 [http-nio-8091-exec-6] ExceptionHandlers - [Ljava.lang.StackTraceElement;@43b2c014
[INFO ] 2020-11-12 23:59:09.732 [main] ServiceKotlinTemplateApplicationKt - Starting ServiceKotlinTemplateApplicationKt on DESKTOP-ATSEQH3 with PID 16128 (E:\deliverySchedule-validator\target\classes started by kprab in E:\deliverySchedule-validator)
[INFO ] 2020-11-12 23:59:09.755 [main] ServiceKotlinTemplateApplicationKt - No active profile set, falling back to default profiles: default
[INFO ] 2020-11-12 23:59:18.739 [main] ServiceKotlinTemplateApplicationKt - Started ServiceKotlinTemplateApplicationKt in 9.781 seconds (JVM running for 13.964)
[ERROR] 2020-11-12 23:59:29.848 [http-nio-8091-exec-2] ExceptionHandlers - [Ljava.lang.StackTraceElement;@10eaee75
[INFO ] 2020-11-13 00:01:55.262 [main] ServiceKotlinTemplateApplicationKt - Starting ServiceKotlinTemplateApplicationKt on DESKTOP-ATSEQH3 with PID 20248 (E:\deliverySchedule-validator\target\classes started by kprab in E:\deliverySchedule-validator)
[INFO ] 2020-11-13 00:01:55.298 [main] ServiceKotlinTemplateApplicationKt - No active profile set, falling back to default profiles: default
[INFO ] 2020-11-13 00:02:03.668 [main] ServiceKotlinTemplateApplicationKt - Started ServiceKotlinTemplateApplicationKt in 9.296 seconds (JVM running for 12.873)
[ERROR] 2020-11-13 00:02:09.362 [http-nio-8091-exec-2] ExceptionHandlers - [Ljava.lang.StackTraceElement;@69288f04
[INFO ] 2020-11-13 00:09:48.405 [main] ServiceKotlinTemplateApplicationKt - Starting ServiceKotlinTemplateApplicationKt on DESKTOP-ATSEQH3 with PID 21508 (E:\deliverySchedule-validator\target\classes started by kprab in E:\deliverySchedule-validator)
[INFO ] 2020-11-13 00:09:48.438 [main] ServiceKotlinTemplateApplicationKt - No active profile set, falling back to default profiles: default
[INFO ] 2020-11-13 00:09:54.082 [main] ServiceKotlinTemplateApplicationKt - Started ServiceKotlinTemplateApplicationKt in 6.143 seconds (JVM running for 11.384)
[ERROR] 2020-11-13 00:10:03.976 [http-nio-8091-exec-1] ExceptionHandlers - [Ljava.lang.StackTraceElement;@143d03fb
[ERROR] 2020-11-13 00:11:24.412 [http-nio-8091-exec-4] ExceptionHandlers - [Ljava.lang.StackTraceElement;@216ce3ef
[INFO ] 2020-11-13 00:18:13.166 [main] ServiceKotlinTemplateApplicationKt - Starting ServiceKotlinTemplateApplicationKt on DESKTOP-ATSEQH3 with PID 23520 (E:\deliverySchedule-validator\target\classes started by kprab in E:\deliverySchedule-validator)
[INFO ] 2020-11-13 00:18:13.206 [main] ServiceKotlinTemplateApplicationKt - No active profile set, falling back to default profiles: default
[INFO ] 2020-11-13 00:18:19.529 [main] ServiceKotlinTemplateApplicationKt - Started ServiceKotlinTemplateApplicationKt in 6.963 seconds (JVM running for 10.348)
[INFO ] 2020-11-13 00:18:37.276 [http-nio-8091-exec-3] Controller - Get All
[INFO ] 2020-11-13 00:25:37.329 [http-nio-8091-exec-7] Controller - Get All
[INFO ] 2020-11-13 11:34:05.794 [main] ServiceKotlinTemplateApplicationKt - Starting ServiceKotlinTemplateApplicationKt on DESKTOP-ATSEQH3 with PID 3344 (E:\deliverySchedule-validator\target\classes started by kprab in E:\deliverySchedule-validator)
[INFO ] 2020-11-13 11:34:05.897 [main] ServiceKotlinTemplateApplicationKt - No active profile set, falling back to default profiles: default
[INFO ] 2020-11-13 11:34:13.913 [main] ServiceKotlinTemplateApplicationKt - Started ServiceKotlinTemplateApplicationKt in 8.806 seconds (JVM running for 12.334)
[INFO ] 2020-11-13 12:04:31.538 [main] ServiceKotlinTemplateApplicationKt - Starting ServiceKotlinTemplateApplicationKt on DESKTOP-ATSEQH3 with PID 13248 (E:\deliverySchedule-validator\target\classes started by kprab in E:\deliverySchedule-validator)
[INFO ] 2020-11-13 12:04:31.570 [main] ServiceKotlinTemplateApplicationKt - No active profile set, falling back to default profiles: default
[INFO ] 2020-11-13 12:04:39.385 [main] ServiceKotlinTemplateApplicationKt - Started ServiceKotlinTemplateApplicationKt in 8.559 seconds (JVM running for 12.873)
[INFO ] 2020-11-13 12:05:15.846 [http-nio-8091-exec-3] Controller - Get All
[INFO ] 2020-11-13 12:11:42.243 [main] ServiceKotlinTemplateApplicationKt - Starting ServiceKotlinTemplateApplicationKt on DESKTOP-ATSEQH3 with PID 16088 (E:\deliverySchedule-validator\target\classes started by kprab in E:\deliverySchedule-validator)
[INFO ] 2020-11-13 12:11:42.370 [main] ServiceKotlinTemplateApplicationKt - No active profile set, falling back to default profiles: default
[INFO ] 2020-11-13 12:11:51.370 [main] ServiceKotlinTemplateApplicationKt - Started ServiceKotlinTemplateApplicationKt in 10.371 seconds (JVM running for 13.388)
[INFO ] 2020-11-13 12:12:28.273 [http-nio-8091-exec-3] Controller - Get All
[INFO ] 2020-11-13 13:15:44.393 [http-nio-8091-exec-10] Controller - Get All
[INFO ] 2020-11-13 13:18:30.851 [http-nio-8091-exec-7] Controller - Get All
[INFO ] 2020-11-13 13:19:22.546 [http-nio-8091-exec-9] Controller - Get All
